# JRE version: OpenJDK Runtime Environment Temurin-17.0.6+10 (17.0.6+10) (build 17.0.6+10)
# Java VM: OpenJDK 64-Bit Server VM Temurin-17.0.6+10 (17.0.6+10, mixed mode, tiered, compressed oops, compressed class ptrs, g1 gc, windows-amd64)
GC Precious Log:
 CPUs: 16 total, 16 available
 Memory: 24567M
 Large Page Support: Disabled
 NUMA Support: Disabled
 Compressed Oops: Enabled (Zero based)
 Heap Region Size: 4M
 Heap Min Capacity: 8M
 Heap Initial Capacity: 384M
 Heap Max Capacity: 6G
 Pre-touch: Disabled
 Parallel Workers: 13
 Concurrent Workers: 3
 Concurrent Refinement Workers: 13
 Periodic GC: Disabled
Heap:
 garbage-first heap   total 393216K, used 212332K [0x0000000680000000, 0x0000000800000000)
  region size 4096K, 14 young (57344K), 1 survivors (4096K)
 Metaspace       used 13455K, committed 13632K, reserved 1064960K
  class space    used 1317K, committed 1408K, reserved 1048576K
GC Heap History (6 events):
Event: 2.176 GC heap before
{Heap before GC invocations=0 (full 0):
 garbage-first heap   total 393216K, used 16384K [0x0000000680000000, 0x0000000800000000)
  region size 4096K, 5 young (20480K), 0 survivors (0K)
 Metaspace       used 11009K, committed 11200K, reserved 1064960K
  class space    used 1035K, committed 1152K, reserved 1048576K
}
Event: 2.191 GC heap after
{Heap after GC invocations=1 (full 0):
 garbage-first heap   total 393216K, used 8343K [0x0000000680000000, 0x0000000800000000)
  region size 4096K, 1 young (4096K), 1 survivors (4096K)
 Metaspace       used 11009K, committed 11200K, reserved 1064960K
  class space    used 1035K, committed 1152K, reserved 1048576K
}
Event: 2.576 GC heap before
{Heap before GC invocations=1 (full 0):
 garbage-first heap   total 393216K, used 37015K [0x0000000680000000, 0x0000000800000000)
  region size 4096K, 5 young (20480K), 1 survivors (4096K)
 Metaspace       used 11102K, committed 11328K, reserved 1064960K
  class space    used 1040K, committed 1152K, reserved 1048576K
}
Event: 2.587 GC heap after
{Heap after GC invocations=2 (full 0):
 garbage-first heap   total 393216K, used 28043K [0x0000000680000000, 0x0000000800000000)
  region size 4096K, 1 young (4096K), 1 survivors (4096K)
 Metaspace       used 11102K, committed 11328K, reserved 1064960K
  class space    used 1040K, committed 1152K, reserved 1048576K
}
Event: 4.630 GC heap before
{Heap before GC invocations=2 (full 0):
 garbage-first heap   total 393216K, used 171403K [0x0000000680000000, 0x0000000800000000)
  region size 4096K, 13 young (53248K), 1 survivors (4096K)
 Metaspace       used 11109K, committed 11328K, reserved 1064960K
  class space    used 1041K, committed 1152K, reserved 1048576K
}
Event: 4.644 GC heap after
{Heap after GC invocations=3 (full 0):
 garbage-first heap   total 393216K, used 122220K [0x0000000680000000, 0x0000000800000000)
  region size 4096K, 1 young (4096K), 1 survivors (4096K)
 Metaspace       used 11109K, committed 11328K, reserved 1064960K
  class space    used 1041K, committed 1152K, reserved 1048576K
}

